<?xml version="1.0" encoding="UTF-8"?>
<!-- Generated by org.testng.reporters.JUnitXMLReporter -->
<testsuite hostname="EN62912" ignored="0" name="Surefire test" tests="3" failures="0" timestamp="03 Aug 2017 13:42:09 GMT" time="0.031" errors="0">
  <testcase name="addDoubleTest" time="0.0" classname="co.endava.caluculator.AddIT"/>
  <testcase name="addIntegerTest" time="0.0" classname="co.endava.caluculator.AddIT"/>
  <testcase name="addLongTest" time="0.0" classname="co.endava.caluculator.AddIT"/>
</testsuite> <!-- Surefire test -->
